{"level":"warn","message":"Ruta /favicon.ico Inexistente - con metodo: GET"}
{"level":"warn","message":"Ruta /favicon.ico Inexistente - con metodo: GET"}
{"level":"warn","message":"Ruta /favicon.ico Inexistente - con metodo: GET"}
{"level":"warn","message":"Ruta /favicon.ico Inexistente - con metodo: GET"}
{"level":"warn","message":"Ruta /favicon.ico Inexistente - con metodo: GET"}
{"level":"warn","message":"Ruta /favicon.ico Inexistente - con metodo: GET"}
{"level":"warn","message":"Ruta /favicon.ico Inexistente - con metodo: GET"}
{"level":"warn","message":"Ruta /favicon.ico Inexistente - con metodo: GET"}
{"level":"warn","message":"Ruta /favicon.ico Inexistente - con metodo: GET"}
{"level":"warn","message":"Ruta /favicon.ico Inexistente - con metodo: GET"}
{"level":"warn","message":"Ruta /favicon.ico Inexistente - con metodo: GET"}
{"level":"warn","message":"Ruta /favicon.ico Inexistente - con metodo: GET"}
{"level":"warn","message":"Ruta /favicon.ico Inexistente - con metodo: GET"}
{"level":"warn","message":"Ruta /favicon.ico Inexistente - con metodo: GET"}
{"level":"warn","message":"Ruta /favicon.ico Inexistente - con metodo: GET"}
{"level":"warn","message":"Ruta /favicon.ico Inexistente - con metodo: GET"}
{"level":"warn","message":"Ruta /favicon.ico Inexistente - con metodo: GET"}
{"level":"warn","message":"Ruta /favicon.ico Inexistente - con metodo: GET"}
{"level":"warn","message":"Ruta /favicon.ico Inexistente - con metodo: GET"}
{"level":"warn","message":"Ruta /favicon.ico Inexistente - con metodo: GET"}
{"level":"warn","message":"Ruta /favicon.ico Inexistente - con metodo: GET"}
{"level":"warn","message":"Ruta /favicon.ico Inexistente - con metodo: GET"}
{"level":"warn","message":"Ruta /favicon.ico Inexistente - con metodo: GET"}
{"level":"warn","message":"Ruta /favicon.ico Inexistente - con metodo: GET"}
{"level":"warn","message":"Ruta /favicon.ico Inexistente - con metodo: GET"}
{"level":"warn","message":"Ruta /favicon.ico Inexistente - con metodo: GET"}
{"level":"warn","message":"Ruta /favicon.ico Inexistente - con metodo: GET"}
{"level":"warn","message":"Ruta /favicon.ico Inexistente - con metodo: GET"}
{"level":"warn","message":"Ruta /favicon.ico Inexistente - con metodo: GET"}
{"level":"warn","message":"Ruta /favicon.ico Inexistente - con metodo: GET"}
{"level":"warn","message":"Ruta /favicon.ico Inexistente - con metodo: GET"}
{"level":"warn","message":"Ruta /favicon.ico Inexistente - con metodo: GET"}
{"level":"warn","message":"Ruta /favicon.ico Inexistente - con metodo: GET"}
{"level":"warn","message":"Ruta /favicon.ico Inexistente - con metodo: GET"}
{"level":"warn","message":"Ruta /favicon.ico Inexistente - con metodo: GET"}
{"level":"warn","message":"Ruta /favicon.ico Inexistente - con metodo: GET"}
{"level":"warn","message":"Ruta /favicon.ico Inexistente - con metodo: GET"}
{"level":"warn","message":"Ruta /favicon.ico Inexistente - con metodo: GET"}
{"level":"warn","message":"Ruta /favicon.ico Inexistente - con metodo: GET"}
{"level":"warn","message":"Ruta /favicon.ico Inexistente - con metodo: GET"}
{"level":"warn","message":"Ruta /favicon.ico Inexistente - con metodo: GET"}
{"level":"warn","message":"Ruta /favicon.ico Inexistente - con metodo: GET"}
{"level":"warn","message":"Ruta /favicon.ico Inexistente - con metodo: GET"}
{"level":"warn","message":"Ruta /favicon.ico Inexistente - con metodo: GET"}
{"level":"warn","message":"Ruta /favicon.ico Inexistente - con metodo: GET"}
{"level":"warn","message":"Ruta /favicon.ico Inexistente - con metodo: GET"}
{"level":"warn","message":"Ruta /favicon.ico Inexistente - con metodo: GET"}
{"level":"warn","message":"Ruta /favicon.ico Inexistente - con metodo: GET"}
{"level":"warn","message":"Ruta /favicon.ico Inexistente - con metodo: GET"}
{"level":"warn","message":"Ruta /favicon.ico Inexistente - con metodo: GET"}
{"level":"warn","message":"Ruta /favicon.ico Inexistente - con metodo: GET"}
{"level":"warn","message":"Ruta /favicon.ico Inexistente - con metodo: GET"}
{"level":"warn","message":"Ruta /favicon.ico Inexistente - con metodo: GET"}
{"level":"warn","message":"Ruta /favicon.ico Inexistente - con metodo: GET"}
{"level":"warn","message":"Ruta /favicon.ico Inexistente - con metodo: GET"}
{"level":"warn","message":"Ruta /favicon.ico Inexistente - con metodo: GET"}
{"level":"warn","message":"Ruta /favicon.ico Inexistente - con metodo: GET"}
{"level":"warn","message":"Ruta /favicon.ico Inexistente - con metodo: GET"}
{"level":"warn","message":"Ruta /test Inexistente - con metodo: GET"}
{"level":"warn","message":"Ruta /test4 Inexistente - con metodo: GET"}
{"level":"warn","message":"Ruta /test4 Inexistente - con metodo: GET"}
{"level":"warn","message":"Ruta /test Inexistente - con metodo: GET"}
{"level":"warn","message":"Ruta /test4 Inexistente - con metodo: GET"}
{"level":"warn","message":"Ruta /test Inexistente - con metodo: GET"}
{"level":"warn","message":"Ruta /test4 Inexistente - con metodo: GET"}
{"level":"warn","message":"Ruta /test Inexistente - con metodo: GET"}
{"level":"warn","message":"Ruta /favicon.ico Inexistente - con metodo: GET"}
{"level":"warn","message":"Ruta /test4 Inexistente - con metodo: GET"}
{"level":"warn","message":"Ruta /test Inexistente - con metodo: GET"}
{"level":"warn","message":"Ruta /favicon.ico Inexistente - con metodo: GET"}
{"level":"warn","message":"Ruta /test4 Inexistente - con metodo: GET"}
{"level":"warn","message":"Ruta /test Inexistente - con metodo: GET"}
{"level":"warn","message":"Ruta /test Inexistente - con metodo: GET"}
{"level":"warn","message":"Ruta /test4 Inexistente - con metodo: GET"}
{"level":"warn","message":"Ruta /test4 Inexistente - con metodo: GET"}
{"level":"warn","message":"Ruta /test Inexistente - con metodo: GET"}
{"level":"warn","message":"Ruta /test4 Inexistente - con metodo: GET"}
{"level":"warn","message":"Ruta /test Inexistente - con metodo: GET"}
{"level":"warn","message":"Ruta /test Inexistente - con metodo: GET"}
{"level":"warn","message":"Ruta /test4 Inexistente - con metodo: GET"}
{"level":"warn","message":"Ruta /favicon.ico Inexistente - con metodo: GET"}
{"level":"warn","message":"Ruta /favicon.ico Inexistente - con metodo: GET"}
{"level":"warn","message":"Ruta /test4 Inexistente - con metodo: GET"}
{"level":"warn","message":"Ruta /test Inexistente - con metodo: GET"}
{"level":"warn","message":"Ruta /favicon.ico Inexistente - con metodo: GET"}
{"level":"warn","message":"Ruta /favicon.ico Inexistente - con metodo: GET"}
{"level":"warn","message":"Ruta /favicon.ico Inexistente - con metodo: GET"}
{"level":"warn","message":"Ruta /favicon.ico Inexistente - con metodo: GET"}
{"level":"warn","message":"Ruta /favicon.ico Inexistente - con metodo: GET"}
{"level":"warn","message":"Ruta /cart Inexistente - con metodo: GET"}
{"level":"warn","message":"Ruta /cart Inexistente - con metodo: GET"}
{"level":"warn","message":"Ruta /cart Inexistente - con metodo: GET"}
{"level":"warn","message":"Ruta /cart Inexistente - con metodo: GET"}
{"level":"warn","message":"Ruta /cart Inexistente - con metodo: GET"}
{"level":"warn","message":"Ruta /cart Inexistente - con metodo: GET"}
{"level":"warn","message":"Ruta /cart Inexistente - con metodo: GET"}
{"level":"warn","message":"Ruta /cart Inexistente - con metodo: GET"}
{"level":"warn","message":"Ruta /cart Inexistente - con metodo: GET"}
{"level":"warn","message":"Ruta /cart Inexistente - con metodo: GET"}
{"level":"warn","message":"Ruta /cart Inexistente - con metodo: GET"}
{"level":"warn","message":"Ruta /cart Inexistente - con metodo: GET"}
{"level":"warn","message":"Ruta /cart Inexistente - con metodo: GET"}
{"level":"warn","message":"Ruta /cart Inexistente - con metodo: GET"}
{"level":"warn","message":"Ruta /cart Inexistente - con metodo: GET"}
{"level":"warn","message":"Ruta /test4 Inexistente - con metodo: GET"}
{"level":"warn","message":"Ruta /test Inexistente - con metodo: GET"}
{"level":"warn","message":"Ruta /favicon.ico Inexistente - con metodo: GET"}
{"level":"warn","message":"Ruta /favicon.ico Inexistente - con metodo: GET"}
{"level":"warn","message":"Ruta /favicon.ico Inexistente - con metodo: GET"}
{"level":"warn","message":"Ruta /profileImages/Enes.jpg Inexistente - con metodo: GET"}
{"level":"warn","message":"Ruta /test4 Inexistente - con metodo: GET"}
{"level":"warn","message":"Ruta /test Inexistente - con metodo: GET"}
{"level":"warn","message":"Ruta /api/productos Inexistente - con metodo: POST"}
{"level":"warn","message":"Ruta /favicon.ico Inexistente - con metodo: GET"}
{"level":"warn","message":"Ruta /favicon.ico Inexistente - con metodo: GET"}
{"level":"warn","message":"Ruta /1/products Inexistente - con metodo: DELETE"}
{"level":"warn","message":"Ruta /orders Inexistente - con metodo: GET"}
{"level":"warn","message":"Ruta /auth/user Inexistente - con metodo: GET"}
{"level":"warn","message":"Ruta /auth/user Inexistente - con metodo: GET"}
{"level":"warn","message":"Ruta /favicon.ico Inexistente - con metodo: GET"}
{"level":"warn","message":"Ruta /favicon.ico Inexistente - con metodo: GET"}
{"level":"warn","message":"Ruta /favicon.ico Inexistente - con metodo: GET"}
{"level":"warn","message":"Ruta /favicon.ico Inexistente - con metodo: GET"}
{"level":"warn","message":"Ruta /favicon.ico Inexistente - con metodo: GET"}
{"level":"warn","message":"Ruta /favicon.ico Inexistente - con metodo: GET"}
{"level":"warn","message":"Ruta /favicon.ico Inexistente - con metodo: GET"}
{"level":"warn","message":"Ruta /favicon.ico Inexistente - con metodo: GET"}
{"level":"warn","message":"Ruta /favicon.ico Inexistente - con metodo: GET"}
{"level":"warn","message":"Ruta /favicon.ico Inexistente - con metodo: GET"}
{"level":"warn","message":"Ruta /favicon.ico Inexistente - con metodo: GET"}
{"level":"warn","message":"Ruta /favicon.ico Inexistente - con metodo: GET"}
{"level":"warn","message":"Ruta /favicon.ico Inexistente - con metodo: GET"}
{"level":"warn","message":"Ruta /favicon.ico Inexistente - con metodo: GET"}
{"level":"warn","message":"Ruta /favicon.ico Inexistente - con metodo: GET"}
{"level":"warn","message":"Ruta /favicon.ico Inexistente - con metodo: GET"}
{"level":"warn","message":"Ruta /favicon.ico Inexistente - con metodo: GET"}
{"level":"warn","message":"Ruta /favicon.ico Inexistente - con metodo: GET"}
{"level":"warn","message":"Ruta /category Inexistente - con metodo: GET"}
{"level":"warn","message":"Ruta /products/$%7Bpathname.split('/')[2]%7D Inexistente - con metodo: GET"}
{"level":"warn","message":"Ruta /favicon.ico Inexistente - con metodo: GET"}
{"level":"warn","message":"Ruta /favicon.ico Inexistente - con metodo: GET"}
{"level":"warn","message":"Ruta /favicon.ico Inexistente - con metodo: GET"}
{"level":"warn","message":"Ruta /favicon.ico Inexistente - con metodo: GET"}
{"level":"warn","message":"Ruta /favicon.ico Inexistente - con metodo: GET"}
{"level":"warn","message":"Ruta /favicon.ico Inexistente - con metodo: GET"}
{"level":"warn","message":"Ruta /favicon.ico Inexistente - con metodo: GET"}
{"level":"warn","message":"Ruta /favicon.ico Inexistente - con metodo: GET"}
{"level":"warn","message":"Ruta /favicon.ico Inexistente - con metodo: GET"}
{"level":"warn","message":"Ruta /favicon.ico Inexistente - con metodo: GET"}
{"level":"warn","message":"Ruta /favicon.ico Inexistente - con metodo: GET"}
{"level":"warn","message":"Ruta /favicon.ico Inexistente - con metodo: GET"}
{"level":"warn","message":"Ruta /favicon.ico Inexistente - con metodo: GET"}
{"level":"warn","message":"Ruta /favicon.ico Inexistente - con metodo: GET"}
{"level":"warn","message":"Ruta /favicon.ico Inexistente - con metodo: GET"}
{"level":"warn","message":"Ruta /favicon.ico Inexistente - con metodo: GET"}
{"level":"warn","message":"Ruta /favicon.ico Inexistente - con metodo: GET"}
{"level":"warn","message":"Ruta /favicon.ico Inexistente - con metodo: GET"}
{"level":"warn","message":"Ruta /favicon.ico Inexistente - con metodo: GET"}
{"level":"warn","message":"Ruta /favicon.ico Inexistente - con metodo: GET"}
{"level":"warn","message":"Ruta /favicon.ico Inexistente - con metodo: GET"}
